F:\PROJECT\UILIB\DUILIB-MASTER\DUILIB\BUILD\RELEASE\DUILIB.PCH
F:\PROJECT\UILIB\DUILIB-MASTER\DUILIB\BUILD\RELEASE\STDAFX.OBJ
F:\PROJECT\UILIB\DUILIB-MASTER\DUILIB\BUILD\RELEASE\VC110.PDB
F:\PROJECT\UILIB\DUILIB-MASTER\DUILIB\BUILD\RELEASE\UICOMBO.OBJ
F:\PROJECT\UILIB\DUILIB-MASTER\DUILIB\BUILD\RELEASE\UICHECKBOX.OBJ
F:\PROJECT\UILIB\DUILIB-MASTER\DUILIB\BUILD\RELEASE\UIBUTTON.OBJ
F:\PROJECT\UILIB\DUILIB-MASTER\DUILIB\BUILD\RELEASE\UIACTIVEX.OBJ
F:\PROJECT\UILIB\DUILIB-MASTER\DUILIB\BUILD\RELEASE\UIVERTICALLAYOUT.OBJ
F:\PROJECT\UILIB\DUILIB-MASTER\DUILIB\BUILD\RELEASE\UITILELAYOUT.OBJ
F:\PROJECT\UILIB\DUILIB-MASTER\DUILIB\BUILD\RELEASE\UITABLAYOUT.OBJ
F:\PROJECT\UILIB\DUILIB-MASTER\DUILIB\BUILD\RELEASE\UIHORIZONTALLAYOUT.OBJ
F:\PROJECT\UILIB\DUILIB-MASTER\DUILIB\BUILD\RELEASE\UICHILDLAYOUT.OBJ
F:\PROJECT\UILIB\DUILIB-MASTER\DUILIB\BUILD\RELEASE\UIRENDER.OBJ
F:\PROJECT\UILIB\DUILIB-MASTER\DUILIB\BUILD\RELEASE\UIMARKUP.OBJ
F:\PROJECT\UILIB\DUILIB-MASTER\DUILIB\BUILD\RELEASE\UIMANAGER.OBJ
F:\PROJECT\UILIB\DUILIB-MASTER\DUILIB\BUILD\RELEASE\UIDLGBUILDER.OBJ
F:\PROJECT\UILIB\DUILIB-MASTER\DUILIB\BUILD\RELEASE\UICONTROL.OBJ
F:\PROJECT\UILIB\DUILIB-MASTER\DUILIB\BUILD\RELEASE\UICONTAINER.OBJ
F:\PROJECT\UILIB\DUILIB-MASTER\DUILIB\BUILD\RELEASE\UIBASE.OBJ
F:\PROJECT\UILIB\DUILIB-MASTER\DUILIB\BUILD\RELEASE\UTILS.OBJ
F:\PROJECT\UILIB\DUILIB-MASTER\DUILIB\BUILD\RELEASE\UIDELEGATE.OBJ
F:\PROJECT\UILIB\DUILIB-MASTER\DUILIB\BUILD\RELEASE\WINIMPLBASE.OBJ
F:\PROJECT\UILIB\DUILIB-MASTER\DUILIB\BUILD\RELEASE\UILIB.OBJ
F:\PROJECT\UILIB\DUILIB-MASTER\DUILIB\BUILD\RELEASE\UIWEBBROWSER.OBJ
F:\PROJECT\UILIB\DUILIB-MASTER\DUILIB\BUILD\RELEASE\UITREEVIEW.OBJ
F:\PROJECT\UILIB\DUILIB-MASTER\DUILIB\BUILD\RELEASE\UITEXT.OBJ
F:\PROJECT\UILIB\DUILIB-MASTER\DUILIB\BUILD\RELEASE\UISLIDER.OBJ
F:\PROJECT\UILIB\DUILIB-MASTER\DUILIB\BUILD\RELEASE\UISCROLLBAR.OBJ
F:\PROJECT\UILIB\DUILIB-MASTER\DUILIB\BUILD\RELEASE\UIRICHEDIT.OBJ
F:\PROJECT\UILIB\DUILIB-MASTER\DUILIB\BUILD\RELEASE\UIPROGRESS.OBJ
F:\PROJECT\UILIB\DUILIB-MASTER\DUILIB\BUILD\RELEASE\UIOPTION.OBJ
F:\PROJECT\UILIB\DUILIB-MASTER\DUILIB\BUILD\RELEASE\UILIST.OBJ
F:\PROJECT\UILIB\DUILIB-MASTER\DUILIB\BUILD\RELEASE\UILABEL.OBJ
F:\PROJECT\UILIB\DUILIB-MASTER\DUILIB\BUILD\RELEASE\UIEDIT.OBJ
F:\PROJECT\UILIB\DUILIB-MASTER\DUILIB\BUILD\RELEASE\UIDATETIME.OBJ
F:\PROJECT\UILIB\DUILIB-MASTER\DUILIB\BUILD\RELEASE\UICOMBOBOX.OBJ
F:\PROJECT\UILIB\DUILIB-MASTER\DUILIB\BUILD\RELEASE\STB_IMAGE.OBJ
F:\PROJECT\UILIB\DUILIB-MASTER\DUILIB\BUILD\RELEASE\XUNZIP.OBJ
F:\project\UIlib\duilib-master\Lib\DuiLib.lib
F:\project\UIlib\duilib-master\Lib\DuiLib.exp
F:\PROJECT\UILIB\DUILIB-MASTER\BIN\DUILIB.DLL
F:\project\UIlib\duilib-master\DuiLib\Build\Release\stb_image.obj
F:\project\UIlib\duilib-master\DuiLib\Build\Release\StdAfx.obj
F:\project\UIlib\duilib-master\DuiLib\Build\Release\UIActiveX.obj
F:\project\UIlib\duilib-master\DuiLib\Build\Release\UIBase.obj
F:\project\UIlib\duilib-master\DuiLib\Build\Release\UIButton.obj
F:\project\UIlib\duilib-master\DuiLib\Build\Release\UICheckBox.obj
F:\project\UIlib\duilib-master\DuiLib\Build\Release\UIChildLayout.obj
F:\project\UIlib\duilib-master\DuiLib\Build\Release\UICombo.obj
F:\project\UIlib\duilib-master\DuiLib\Build\Release\UIComboBox.obj
F:\project\UIlib\duilib-master\DuiLib\Build\Release\UIContainer.obj
F:\project\UIlib\duilib-master\DuiLib\Build\Release\UIControl.obj
F:\project\UIlib\duilib-master\DuiLib\Build\Release\UIDateTime.obj
F:\project\UIlib\duilib-master\DuiLib\Build\Release\UIDelegate.obj
F:\project\UIlib\duilib-master\DuiLib\Build\Release\UIDlgBuilder.obj
F:\project\UIlib\duilib-master\DuiLib\Build\Release\UIEdit.obj
F:\project\UIlib\duilib-master\DuiLib\Build\Release\UIHorizontalLayout.obj
F:\project\UIlib\duilib-master\DuiLib\Build\Release\UILabel.obj
F:\project\UIlib\duilib-master\DuiLib\Build\Release\UIlib.obj
F:\project\UIlib\duilib-master\DuiLib\Build\Release\UIList.obj
F:\project\UIlib\duilib-master\DuiLib\Build\Release\UIManager.obj
F:\project\UIlib\duilib-master\DuiLib\Build\Release\UIMarkup.obj
F:\project\UIlib\duilib-master\DuiLib\Build\Release\UIOption.obj
F:\project\UIlib\duilib-master\DuiLib\Build\Release\UIProgress.obj
F:\project\UIlib\duilib-master\DuiLib\Build\Release\UIRender.obj
F:\project\UIlib\duilib-master\DuiLib\Build\Release\UIRichEdit.obj
F:\project\UIlib\duilib-master\DuiLib\Build\Release\UIScrollBar.obj
F:\project\UIlib\duilib-master\DuiLib\Build\Release\UISlider.obj
F:\project\UIlib\duilib-master\DuiLib\Build\Release\UITabLayout.obj
F:\project\UIlib\duilib-master\DuiLib\Build\Release\UIText.obj
F:\project\UIlib\duilib-master\DuiLib\Build\Release\UITileLayout.obj
F:\project\UIlib\duilib-master\DuiLib\Build\Release\UITreeView.obj
F:\project\UIlib\duilib-master\DuiLib\Build\Release\UIVerticalLayout.obj
F:\project\UIlib\duilib-master\DuiLib\Build\Release\UIWebBrowser.obj
F:\project\UIlib\duilib-master\DuiLib\Build\Release\Utils.obj
F:\project\UIlib\duilib-master\DuiLib\Build\Release\WinImplBase.obj
F:\project\UIlib\duilib-master\DuiLib\Build\Release\XUnzip.obj
F:\project\UIlib\duilib-master\DuiLib\Build\Release\cl.command.1.tlog
F:\project\UIlib\duilib-master\DuiLib\Build\Release\CL.read.1.tlog
F:\project\UIlib\duilib-master\DuiLib\Build\Release\CL.write.1.tlog
F:\project\UIlib\duilib-master\DuiLib\Build\Release\DuiLib.write.1.tlog
F:\project\UIlib\duilib-master\DuiLib\Build\Release\link.command.1.tlog
F:\project\UIlib\duilib-master\DuiLib\Build\Release\link.read.1.tlog
F:\project\UIlib\duilib-master\DuiLib\Build\Release\link.write.1.tlog
F:\project\UIlib\duilib-master\DuiLib\Build\Release\DuiLib.pch
F:\project\UIlib\duilib-master\DuiLib\Build\Release\vc110.pdb
