生成启动时间为 2017-11-25 22:04:53。
     1>项目“F:\project\Transparent_encryption\SafeWall\swssvc\swssvc.vcxproj”在节点 2 上(Build 个目标)。
     1>ClCompile:
         C:\Program Files (x86)\Microsoft Visual Studio 11.0\VC\bin\CL.exe /c /Zi /nologo /W3 /WX- /sdl /O2 /Oi /Oy- /GL /D WIN32 /D NDEBUG /D _CONSOLE /D _USING_V110_SDK71_ /D _UNICODE /D UNICODE /Gm- /EHsc /MT /GS /Gy /fp:precise /Zc:wchar_t /Zc:forScope /Fo"Release\\" /Fd"Release\vc110.pdb" /Gd /TP /analyze- /errorReport:prompt swssvc.cpp
         swssvc.cpp
       Link:
         C:\Program Files (x86)\Microsoft Visual Studio 11.0\VC\bin\link.exe /ERRORREPORT:PROMPT /OUT:"F:\project\Transparent_encryption\SafeWall\Release\swssvc.exe" /INCREMENTAL:NO /NOLOGO kernel32.lib user32.lib gdi32.lib winspool.lib comdlg32.lib advapi32.lib shell32.lib ole32.lib oleaut32.lib uuid.lib odbc32.lib odbccp32.lib /MANIFEST /MANIFESTUAC:"level='asInvoker' uiAccess='false'" /manifest:embed /DEBUG /PDB:"F:\project\Transparent_encryption\SafeWall\Release\swssvc.pdb" /SUBSYSTEM:CONSOLE,"5.01" /OPT:REF /OPT:ICF /LTCG /TLBID:1 /DYNAMICBASE /NXCOMPAT /IMPLIB:"F:\project\Transparent_encryption\SafeWall\Release\swssvc.lib" /MACHINE:X86 /SAFESEH Release\accist.obj
         Release\OnClientCommand.obj
         Release\OnIcCommand.obj
         Release\OnServerCommand.obj
         Release\policy.obj
         Release\sservice.obj
         Release\swssvc.obj
         Release\swssvc.obj
         Release\UserList.obj
         Release\worker.obj
     1>Release\swssvc.obj : warning LNK4042: 对象被多次指定；已忽略多余的指定
         正在生成代码
         已完成代码的生成
         swssvc.vcxproj -> F:\project\Transparent_encryption\SafeWall\Release\swssvc.exe
     1>已完成生成项目“F:\project\Transparent_encryption\SafeWall\swssvc\swssvc.vcxproj”(Build 个目标)的操作。

生成成功。

已用时间 00:00:03.49
