F:\PROJECT\TRANSPARENT_ENCRYPTION\SAFEWALL\SWSSVC\RELEASE\WORKER.OBJ
F:\PROJECT\TRANSPARENT_ENCRYPTION\SAFEWALL\SWSSVC\RELEASE\SWSSVC.OBJ
F:\PROJECT\TRANSPARENT_ENCRYPTION\SAFEWALL\SWSSVC\RELEASE\POLICY.OBJ
F:\PROJECT\TRANSPARENT_ENCRYPTION\SAFEWALL\SWSSVC\RELEASE\ACCIST.OBJ
F:\PROJECT\TRANSPARENT_ENCRYPTION\SAFEWALL\SWSSVC\RELEASE\ONSERVERCOMMAND.OBJ
F:\PROJECT\TRANSPARENT_ENCRYPTION\SAFEWALL\SWSSVC\RELEASE\ONICCOMMAND.OBJ
F:\PROJECT\TRANSPARENT_ENCRYPTION\SAFEWALL\SWSSVC\RELEASE\ONCLIENTCOMMAND.OBJ
F:\PROJECT\TRANSPARENT_ENCRYPTION\SAFEWALL\SWSSVC\RELEASE\USERLIST.OBJ
F:\PROJECT\TRANSPARENT_ENCRYPTION\SAFEWALL\SWSSVC\RELEASE\SSERVICE.OBJ
F:\PROJECT\TRANSPARENT_ENCRYPTION\SAFEWALL\SWSSVC\RELEASE\VC110.PDB
F:\project\Transparent_encryption\SafeWall\swssvc\Release\accist.obj
F:\project\Transparent_encryption\SafeWall\swssvc\Release\OnClientCommand.obj
F:\project\Transparent_encryption\SafeWall\swssvc\Release\OnIcCommand.obj
F:\project\Transparent_encryption\SafeWall\swssvc\Release\OnServerCommand.obj
F:\project\Transparent_encryption\SafeWall\swssvc\Release\policy.obj
F:\project\Transparent_encryption\SafeWall\swssvc\Release\sservice.obj
F:\project\Transparent_encryption\SafeWall\swssvc\Release\swssvc.obj
F:\project\Transparent_encryption\SafeWall\swssvc\Release\UserList.obj
F:\project\Transparent_encryption\SafeWall\swssvc\Release\worker.obj
F:\project\Transparent_encryption\SafeWall\swssvc\Release\cl.command.1.tlog
F:\project\Transparent_encryption\SafeWall\swssvc\Release\CL.read.1.tlog
F:\project\Transparent_encryption\SafeWall\swssvc\Release\CL.write.1.tlog
F:\project\Transparent_encryption\SafeWall\swssvc\Release\link-cvtres.read.1.tlog
F:\project\Transparent_encryption\SafeWall\swssvc\Release\link-cvtres.write.1.tlog
F:\project\Transparent_encryption\SafeWall\swssvc\Release\link-rc.read.1.tlog
F:\project\Transparent_encryption\SafeWall\swssvc\Release\link-rc.write.1.tlog
F:\project\Transparent_encryption\SafeWall\swssvc\Release\link.command.1.tlog
F:\project\Transparent_encryption\SafeWall\swssvc\Release\link.read.1.tlog
F:\project\Transparent_encryption\SafeWall\swssvc\Release\link.write.1.tlog
F:\project\Transparent_encryption\SafeWall\swssvc\Release\vc110.pdb
F:\project\Transparent_encryption\SafeWall\Release\swssvc.pdb
