F:\PROJECT\TRANSPARENT_ENCRYPTION\SAFEWALL\SWSHELLEXT\RELEASE\SWSHELLEXT.PCH
F:\PROJECT\TRANSPARENT_ENCRYPTION\SAFEWALL\SWSHELLEXT\RELEASE\STDAFX.OBJ
F:\PROJECT\TRANSPARENT_ENCRYPTION\SAFEWALL\SWSHELLEXT\RELEASE\VC110.PDB
F:\PROJECT\TRANSPARENT_ENCRYPTION\SAFEWALL\SWSHELLEXT\RELEASE\DLLMAIN.OBJ
F:\PROJECT\TRANSPARENT_ENCRYPTION\SAFEWALL\SWSHELLEXT\RELEASE\SWSHELLEXT.OBJ
F:\PROJECT\TRANSPARENT_ENCRYPTION\SAFEWALL\SWSHELLEXT\RELEASE\SAFEWALLEXT.OBJ
F:\PROJECT\TRANSPARENT_ENCRYPTION\SAFEWALL\SWSHELLEXT\RELEASE\SWSHELLEXT_I.OBJ
F:\PROJECT\TRANSPARENT_ENCRYPTION\SAFEWALL\RELEASE\SWSHELLEXT.DLL
F:\PROJECT\TRANSPARENT_ENCRYPTION\SAFEWALL\RELEASE\SWSHELLEXT.PDB
F:\PROJECT\TRANSPARENT_ENCRYPTION\SAFEWALL\SWSHELLEXT\RELEASE\SWSHELLEXT.TLB
F:\PROJECT\TRANSPARENT_ENCRYPTION\SAFEWALL\SWSHELLEXT\SWSHELLEXT_P.C
F:\PROJECT\TRANSPARENT_ENCRYPTION\SAFEWALL\SWSHELLEXT\SWSHELLEXT_I.C
F:\PROJECT\TRANSPARENT_ENCRYPTION\SAFEWALL\SWSHELLEXT\SWSHELLEXT_I.H
F:\PROJECT\TRANSPARENT_ENCRYPTION\SAFEWALL\SWSHELLEXT\RELEASE\SWSHELLEXT.RES
F:\project\Transparent_encryption\SafeWall\Release\SwShellExt.lib
F:\project\Transparent_encryption\SafeWall\Release\SwShellExt.exp
F:\project\Transparent_encryption\SafeWall\SwShellExt\Release\dllmain.obj
F:\project\Transparent_encryption\SafeWall\SwShellExt\Release\SafeWallExt.obj
F:\project\Transparent_encryption\SafeWall\SwShellExt\Release\stdafx.obj
F:\project\Transparent_encryption\SafeWall\SwShellExt\Release\SwShellExt.obj
F:\project\Transparent_encryption\SafeWall\SwShellExt\Release\SwShellExt_i.obj
F:\project\Transparent_encryption\SafeWall\SwShellExt\Release\SwShellExt.tlb
F:\project\Transparent_encryption\SafeWall\SwShellExt\Release\cl.command.1.tlog
F:\project\Transparent_encryption\SafeWall\SwShellExt\Release\CL.read.1.tlog
F:\project\Transparent_encryption\SafeWall\SwShellExt\Release\CL.write.1.tlog
F:\project\Transparent_encryption\SafeWall\SwShellExt\Release\link-cvtres.read.1.tlog
F:\project\Transparent_encryption\SafeWall\SwShellExt\Release\link-cvtres.write.1.tlog
F:\project\Transparent_encryption\SafeWall\SwShellExt\Release\link-rc.read.1.tlog
F:\project\Transparent_encryption\SafeWall\SwShellExt\Release\link-rc.write.1.tlog
F:\project\Transparent_encryption\SafeWall\SwShellExt\Release\link.command.1.tlog
F:\project\Transparent_encryption\SafeWall\SwShellExt\Release\link.read.1.tlog
F:\project\Transparent_encryption\SafeWall\SwShellExt\Release\link.write.1.tlog
F:\project\Transparent_encryption\SafeWall\SwShellExt\Release\midl-midlc-cl.read.1.tlog
F:\project\Transparent_encryption\SafeWall\SwShellExt\Release\midl-midlc.read.1.tlog
F:\project\Transparent_encryption\SafeWall\SwShellExt\Release\midl-midlc.write.1.tlog
F:\project\Transparent_encryption\SafeWall\SwShellExt\Release\midl.command.1.tlog
F:\project\Transparent_encryption\SafeWall\SwShellExt\Release\midl.read.1.tlog
F:\project\Transparent_encryption\SafeWall\SwShellExt\Release\midl.write.1.tlog
F:\project\Transparent_encryption\SafeWall\SwShellExt\Release\rc.command.1.tlog
F:\project\Transparent_encryption\SafeWall\SwShellExt\Release\rc.read.1.tlog
F:\project\Transparent_encryption\SafeWall\SwShellExt\Release\rc.write.1.tlog
F:\project\Transparent_encryption\SafeWall\SwShellExt\Release\SwShellExt.write.1.tlog
F:\project\Transparent_encryption\SafeWall\SwShellExt\Release\SwShellExt.res
F:\project\Transparent_encryption\SafeWall\SwShellExt\Release\SwShellExt.pch
F:\project\Transparent_encryption\SafeWall\SwShellExt\Release\vc110.pdb
F:\project\Transparent_encryption\SafeWall\Release\SwShellExt.pdb
F:\project\Transparent_encryption\SafeWall\Release\SwShellExt.dll
