F:\PROJECT\TRANSPARENT_ENCRYPTION\SAFEWALL\SWFICOEXT\RELEASE\SWFICOEXT.PCH
F:\PROJECT\TRANSPARENT_ENCRYPTION\SAFEWALL\SWFICOEXT\RELEASE\STDAFX.OBJ
F:\PROJECT\TRANSPARENT_ENCRYPTION\SAFEWALL\SWFICOEXT\RELEASE\VC110.PDB
F:\PROJECT\TRANSPARENT_ENCRYPTION\SAFEWALL\SWFICOEXT\RELEASE\SWFICOEXT.OBJ
F:\PROJECT\TRANSPARENT_ENCRYPTION\SAFEWALL\SWFICOEXT\RELEASE\FILEICO.OBJ
F:\PROJECT\TRANSPARENT_ENCRYPTION\SAFEWALL\SWFICOEXT\RELEASE\ACCIST.OBJ
F:\PROJECT\TRANSPARENT_ENCRYPTION\SAFEWALL\SWFICOEXT\RELEASE\DLLMAIN.OBJ
F:\PROJECT\TRANSPARENT_ENCRYPTION\SAFEWALL\SWFICOEXT\RELEASE\SWFICOEXT_I.OBJ
F:\PROJECT\TRANSPARENT_ENCRYPTION\SAFEWALL\RELEASE\SWFICOEXT.DLL
F:\PROJECT\TRANSPARENT_ENCRYPTION\SAFEWALL\RELEASE\SWFICOEXT.PDB
F:\PROJECT\TRANSPARENT_ENCRYPTION\SAFEWALL\SWFICOEXT\RELEASE\SWFICOEXT.TLB
F:\PROJECT\TRANSPARENT_ENCRYPTION\SAFEWALL\SWFICOEXT\SWFICOEXT_P.C
F:\PROJECT\TRANSPARENT_ENCRYPTION\SAFEWALL\SWFICOEXT\SWFICOEXT_I.C
F:\PROJECT\TRANSPARENT_ENCRYPTION\SAFEWALL\SWFICOEXT\SWFICOEXT_I.H
F:\PROJECT\TRANSPARENT_ENCRYPTION\SAFEWALL\SWFICOEXT\RELEASE\SWFICOEXT.RES
F:\project\Transparent_encryption\SafeWall\Release\swfIcoExt.lib
F:\project\Transparent_encryption\SafeWall\Release\swfIcoExt.exp
F:\project\Transparent_encryption\SafeWall\swfIcoExt\Release\accist.obj
F:\project\Transparent_encryption\SafeWall\swfIcoExt\Release\dllmain.obj
F:\project\Transparent_encryption\SafeWall\swfIcoExt\Release\FileIco.obj
F:\project\Transparent_encryption\SafeWall\swfIcoExt\Release\stdafx.obj
F:\project\Transparent_encryption\SafeWall\swfIcoExt\Release\swfIcoExt.obj
F:\project\Transparent_encryption\SafeWall\swfIcoExt\Release\swfIcoExt_i.obj
F:\project\Transparent_encryption\SafeWall\swfIcoExt\Release\swfIcoExt.tlb
F:\project\Transparent_encryption\SafeWall\swfIcoExt\Release\cl.command.1.tlog
F:\project\Transparent_encryption\SafeWall\swfIcoExt\Release\CL.read.1.tlog
F:\project\Transparent_encryption\SafeWall\swfIcoExt\Release\CL.write.1.tlog
F:\project\Transparent_encryption\SafeWall\swfIcoExt\Release\link-cvtres.read.1.tlog
F:\project\Transparent_encryption\SafeWall\swfIcoExt\Release\link-cvtres.write.1.tlog
F:\project\Transparent_encryption\SafeWall\swfIcoExt\Release\link-rc.read.1.tlog
F:\project\Transparent_encryption\SafeWall\swfIcoExt\Release\link-rc.write.1.tlog
F:\project\Transparent_encryption\SafeWall\swfIcoExt\Release\link.command.1.tlog
F:\project\Transparent_encryption\SafeWall\swfIcoExt\Release\link.read.1.tlog
F:\project\Transparent_encryption\SafeWall\swfIcoExt\Release\link.write.1.tlog
F:\project\Transparent_encryption\SafeWall\swfIcoExt\Release\midl-midlc-cl.read.1.tlog
F:\project\Transparent_encryption\SafeWall\swfIcoExt\Release\midl-midlc.read.1.tlog
F:\project\Transparent_encryption\SafeWall\swfIcoExt\Release\midl-midlc.write.1.tlog
F:\project\Transparent_encryption\SafeWall\swfIcoExt\Release\midl.command.1.tlog
F:\project\Transparent_encryption\SafeWall\swfIcoExt\Release\midl.read.1.tlog
F:\project\Transparent_encryption\SafeWall\swfIcoExt\Release\midl.write.1.tlog
F:\project\Transparent_encryption\SafeWall\swfIcoExt\Release\rc.command.1.tlog
F:\project\Transparent_encryption\SafeWall\swfIcoExt\Release\rc.read.1.tlog
F:\project\Transparent_encryption\SafeWall\swfIcoExt\Release\rc.write.1.tlog
F:\project\Transparent_encryption\SafeWall\swfIcoExt\Release\swfIcoExt.write.1.tlog
F:\project\Transparent_encryption\SafeWall\swfIcoExt\Release\swfIcoExt.res
F:\project\Transparent_encryption\SafeWall\swfIcoExt\Release\swfIcoExt.pch
F:\project\Transparent_encryption\SafeWall\swfIcoExt\Release\vc110.pdb
F:\project\Transparent_encryption\SafeWall\Release\swfIcoExt.pdb
F:\project\Transparent_encryption\SafeWall\Release\swfIcoExt.dll
