F:\PROJECT\TRANSPARENT_ENCRYPTION\SAFEWALL\SAFEWALL\WIN7DEBUG\SWPROCESSLIST.OBJ
F:\PROJECT\TRANSPARENT_ENCRYPTION\SAFEWALL\SAFEWALL\WIN7DEBUG\MYFILESYSTEMROUTINE.OBJ
F:\PROJECT\TRANSPARENT_ENCRYPTION\SAFEWALL\SAFEWALL\WIN7DEBUG\ISSHADOWCOPYVOLUME.OBJ
F:\PROJECT\TRANSPARENT_ENCRYPTION\SAFEWALL\SAFEWALL\WIN7DEBUG\GETPROCESSNAME.OBJ
F:\PROJECT\TRANSPARENT_ENCRYPTION\SAFEWALL\SAFEWALL\WIN7DEBUG\GETOBJECTINFORMATION.OBJ
F:\PROJECT\TRANSPARENT_ENCRYPTION\SAFEWALL\SAFEWALL\WIN7DEBUG\FILESYSTEMDEVICECONTROL.OBJ
F:\PROJECT\TRANSPARENT_ENCRYPTION\SAFEWALL\SAFEWALL\WIN7DEBUG\FILESYSTEMCACHECLEAR.OBJ
F:\PROJECT\TRANSPARENT_ENCRYPTION\SAFEWALL\SAFEWALL\WIN7DEBUG\FASTIODISPATCH.OBJ
F:\PROJECT\TRANSPARENT_ENCRYPTION\SAFEWALL\SAFEWALL\WIN7DEBUG\DRIVERWRITEDISPATCHROUTINE.OBJ
F:\PROJECT\TRANSPARENT_ENCRYPTION\SAFEWALL\SAFEWALL\WIN7DEBUG\DRIVERREADDISPATCHROUTINE.OBJ
F:\PROJECT\TRANSPARENT_ENCRYPTION\SAFEWALL\SAFEWALL\WIN7DEBUG\DRIVERENTRY.OBJ
F:\PROJECT\TRANSPARENT_ENCRYPTION\SAFEWALL\SAFEWALL\WIN7DEBUG\DRIVERCREATEDISPATCHROUTINE.OBJ
F:\PROJECT\TRANSPARENT_ENCRYPTION\SAFEWALL\SAFEWALL\WIN7DEBUG\DRIVERCONTROLDISPATCHROUTINE.OBJ
F:\PROJECT\TRANSPARENT_ENCRYPTION\SAFEWALL\SAFEWALL\WIN7DEBUG\DRIVERCLOSEDISPATCHROUTINE.OBJ
F:\PROJECT\TRANSPARENT_ENCRYPTION\SAFEWALL\SAFEWALL\WIN7DEBUG\DRIVERCLEANUPDISPATCHROUTINE.OBJ
F:\PROJECT\TRANSPARENT_ENCRYPTION\SAFEWALL\SAFEWALL\WIN7DEBUG\COMPLETIONROUTINE.OBJ
F:\PROJECT\TRANSPARENT_ENCRYPTION\SAFEWALL\SAFEWALL\WIN7DEBUG\FILESYTEMATTACHTODEVICE.OBJ
F:\PROJECT\TRANSPARENT_ENCRYPTION\SAFEWALL\SAFEWALL\WIN7DEBUG\DRIVERSETINFORMATIONDISPATCHROUTIN.OBJ
F:\PROJECT\TRANSPARENT_ENCRYPTION\SAFEWALL\SAFEWALL\WIN7DEBUG\DRIVERQUERYINFORMATIONDISPATCHROUTINE.OBJ
F:\PROJECT\TRANSPARENT_ENCRYPTION\SAFEWALL\SAFEWALL\WIN7DEBUG\DRIVERDIRECTORYCONTROLDISPATCHROUTINE.OBJ
F:\PROJECT\TRANSPARENT_ENCRYPTION\SAFEWALL\SAFEWALL\WIN7DEBUG\USERACCESS.OBJ
F:\PROJECT\TRANSPARENT_ENCRYPTION\SAFEWALL\SAFEWALL\WIN7DEBUG\TEST.OBJ
F:\PROJECT\TRANSPARENT_ENCRYPTION\SAFEWALL\SAFEWALL\WIN7DEBUG\SWFILELIST.OBJ
F:\PROJECT\TRANSPARENT_ENCRYPTION\SAFEWALL\SAFEWALL\WIN7DEBUG\SWTRANSFORMFILE.OBJ
F:\PROJECT\TRANSPARENT_ENCRYPTION\SAFEWALL\SAFEWALL\WIN7DEBUG\SWTRANSFORMCODE.OBJ
F:\PROJECT\TRANSPARENT_ENCRYPTION\SAFEWALL\SAFEWALL\WIN7DEBUG\VC110.PDB
F:\PROJECT\TRANSPARENT_ENCRYPTION\SAFEWALL\WIN7DEBUG\SAFEWALL.SYS
F:\PROJECT\TRANSPARENT_ENCRYPTION\SAFEWALL\WIN7DEBUG\SAFEWALL.PDB
F:\PROJECT\TRANSPARENT_ENCRYPTION\SAFEWALL\SAFEWALL\WIN7DEBUG\SAFEWALL.INF
F:\project\Transparent_encryption\SafeWall\Win7Debug\SafeWall.cer
F:\project\Transparent_encryption\SafeWall\Win7Debug\SafeWall.inf
F:\project\Transparent_encryption\SafeWall\SafeWall\Win7Debug\CompletionRoutine.obj
F:\project\Transparent_encryption\SafeWall\SafeWall\Win7Debug\DriverCleanUpDispatchRoutine.obj
F:\project\Transparent_encryption\SafeWall\SafeWall\Win7Debug\DriverCloseDispatchRoutine.obj
F:\project\Transparent_encryption\SafeWall\SafeWall\Win7Debug\DriverControlDispatchRoutine.obj
F:\project\Transparent_encryption\SafeWall\SafeWall\Win7Debug\DriverCreateDispatchRoutine.obj
F:\project\Transparent_encryption\SafeWall\SafeWall\Win7Debug\DriverDirectoryControlDispatchRoutine.obj
F:\project\Transparent_encryption\SafeWall\SafeWall\Win7Debug\DriverEntry.obj
F:\project\Transparent_encryption\SafeWall\SafeWall\Win7Debug\DriverQueryInformationDispatchRoutine.obj
F:\project\Transparent_encryption\SafeWall\SafeWall\Win7Debug\DriverReadDispatchRoutine.obj
F:\project\Transparent_encryption\SafeWall\SafeWall\Win7Debug\DriverSetInformationDispatchRoutin.obj
F:\project\Transparent_encryption\SafeWall\SafeWall\Win7Debug\DriverWriteDispatchRoutine.obj
F:\project\Transparent_encryption\SafeWall\SafeWall\Win7Debug\FastIoDispatch.obj
F:\project\Transparent_encryption\SafeWall\SafeWall\Win7Debug\FileSystemCacheClear.obj
F:\project\Transparent_encryption\SafeWall\SafeWall\Win7Debug\FileSystemDeviceControl.obj
F:\project\Transparent_encryption\SafeWall\SafeWall\Win7Debug\FileSytemAttachToDevice.obj
F:\project\Transparent_encryption\SafeWall\SafeWall\Win7Debug\GetObjectInformation.obj
F:\project\Transparent_encryption\SafeWall\SafeWall\Win7Debug\GetProcessName.obj
F:\project\Transparent_encryption\SafeWall\SafeWall\Win7Debug\IsShadowCopyVolume.obj
F:\project\Transparent_encryption\SafeWall\SafeWall\Win7Debug\MyFileSystemRoutine.obj
F:\project\Transparent_encryption\SafeWall\SafeWall\Win7Debug\SwFileList.obj
F:\project\Transparent_encryption\SafeWall\SafeWall\Win7Debug\SwProcessList.obj
F:\project\Transparent_encryption\SafeWall\SafeWall\Win7Debug\SwTransformCode.obj
F:\project\Transparent_encryption\SafeWall\SafeWall\Win7Debug\SwTransformFile.obj
F:\project\Transparent_encryption\SafeWall\SafeWall\Win7Debug\test.obj
F:\project\Transparent_encryption\SafeWall\SafeWall\Win7Debug\UserAccess.obj
F:\project\Transparent_encryption\SafeWall\SafeWall\Win7Debug\cl.command.1.tlog
F:\project\Transparent_encryption\SafeWall\SafeWall\Win7Debug\CL.read.1.tlog
F:\project\Transparent_encryption\SafeWall\SafeWall\Win7Debug\CL.write.1.tlog
F:\project\Transparent_encryption\SafeWall\SafeWall\Win7Debug\link.command.1.tlog
F:\project\Transparent_encryption\SafeWall\SafeWall\Win7Debug\link.read.1.tlog
F:\project\Transparent_encryption\SafeWall\SafeWall\Win7Debug\link.write.1.tlog
F:\project\Transparent_encryption\SafeWall\SafeWall\Win7Debug\signtool.command.1.tlog
F:\project\Transparent_encryption\SafeWall\SafeWall\Win7Debug\signtool.read.1.tlog
F:\project\Transparent_encryption\SafeWall\SafeWall\Win7Debug\signtool.write.1.tlog
F:\project\Transparent_encryption\SafeWall\SafeWall\Win7Debug\stampinf.command.1.tlog
F:\project\Transparent_encryption\SafeWall\SafeWall\Win7Debug\stampinf.read.1.tlog
F:\project\Transparent_encryption\SafeWall\SafeWall\Win7Debug\stampinf.write.1.tlog
F:\project\Transparent_encryption\SafeWall\SafeWall\Win7Debug\vc110.pdb
F:\project\Transparent_encryption\SafeWall\Win7Debug\SafeWall.pdb
F:\project\Transparent_encryption\SafeWall\Win7Debug\SafeWall.sys
