生成启动时间为 2018-07-08 22:40:14。
     1>项目“F:\project\Transparent_encryption\SafeWall\SwServer\SwServer.vcxproj”在节点 2 上(Build 个目标)。
     1>ClCompile:
         C:\Program Files (x86)\Microsoft Visual Studio 11.0\VC\bin\CL.exe /c /Zi /nologo /W3 /WX- /sdl /O2 /Oi /Oy- /GL /D WIN32 /D NDEBUG /D _WINDOWS /D _USING_V110_SDK71_ /D _UNICODE /D UNICODE /Gm- /EHsc /MT /GS /Gy /fp:precise /Zc:wchar_t /Zc:forScope /Fo"Release\\" /Fd"Release\vc110.pdb" /Gd /TC /analyze- /errorReport:prompt ..\include\inirw.c
         inirw.c
     1>..\include\inirw.c(361): warning C4018: “<”: 有符号/无符号不匹配
         C:\Program Files (x86)\Microsoft Visual Studio 11.0\VC\bin\CL.exe /c /Zi /nologo /W3 /WX- /sdl /O2 /Oi /Oy- /GL /D WIN32 /D NDEBUG /D _WINDOWS /D _USING_V110_SDK71_ /D _UNICODE /D UNICODE /Gm- /EHsc /MT /GS /Gy /fp:precise /Zc:wchar_t /Zc:forScope /Fo"Release\\" /Fd"Release\vc110.pdb" /Gd /TP /analyze- /errorReport:prompt LogonDialogWndProc.cpp FrameWndProc.cpp OnCommand.cpp OnCreate.cpp SwServer.cpp
         LogonDialogWndProc.cpp
     1>LogonDialogWndProc.cpp(7): warning C4101: “hMenu”: 未引用的局部变量
     1>LogonDialogWndProc.cpp(47): warning C4101: “servAddr”: 未引用的局部变量
         FrameWndProc.cpp
     1>FrameWndProc.cpp(16): warning C4101: “hMenu”: 未引用的局部变量
         OnCommand.cpp
     1>OnCommand.cpp(2): fatal error C1083: 无法打开包括文件:“csnorm.h”: No such file or directory
         OnCreate.cpp
     1>OnCreate.cpp(11): warning C4244: “参数”: 从“double”转换到“int”，可能丢失数据
     1>OnCreate.cpp(8): warning C4101: “rect”: 未引用的局部变量
         SwServer.cpp
     1>已完成生成项目“F:\project\Transparent_encryption\SafeWall\SwServer\SwServer.vcxproj”(Build 个目标)的操作 - 失败。

生成失败。

已用时间 00:00:10.36
