F:\PROJECT\TRANSPARENT_ENCRYPTION\SAFEWALL\SWSERVER\RELEASE\SWSERVER.OBJ
F:\PROJECT\TRANSPARENT_ENCRYPTION\SAFEWALL\SWSERVER\RELEASE\ONCREATE.OBJ
F:\PROJECT\TRANSPARENT_ENCRYPTION\SAFEWALL\SWSERVER\RELEASE\ONCOMMAND.OBJ
F:\PROJECT\TRANSPARENT_ENCRYPTION\SAFEWALL\SWSERVER\RELEASE\FRAMEWNDPROC.OBJ
F:\PROJECT\TRANSPARENT_ENCRYPTION\SAFEWALL\SWSERVER\RELEASE\DIALOGWNDPROC.OBJ
F:\PROJECT\TRANSPARENT_ENCRYPTION\SAFEWALL\SWSERVER\RELEASE\VC110.PDB
F:\PROJECT\TRANSPARENT_ENCRYPTION\SAFEWALL\RELEASE\SWSERVER.EXE
F:\PROJECT\TRANSPARENT_ENCRYPTION\SAFEWALL\RELEASE\SWSERVER.PDB
F:\PROJECT\TRANSPARENT_ENCRYPTION\SAFEWALL\SWSERVER\RELEASE\SWSERVER.RES
F:\project\Transparent_encryption\SafeWall\SwServer\Release\DialogWndProc.obj
F:\project\Transparent_encryption\SafeWall\SwServer\Release\FrameWndProc.obj
F:\project\Transparent_encryption\SafeWall\SwServer\Release\OnCommand.obj
F:\project\Transparent_encryption\SafeWall\SwServer\Release\OnCreate.obj
F:\project\Transparent_encryption\SafeWall\SwServer\Release\SwServer.obj
F:\project\Transparent_encryption\SafeWall\SwServer\Release\cl.command.1.tlog
F:\project\Transparent_encryption\SafeWall\SwServer\Release\CL.read.1.tlog
F:\project\Transparent_encryption\SafeWall\SwServer\Release\CL.write.1.tlog
F:\project\Transparent_encryption\SafeWall\SwServer\Release\link-cvtres.read.1.tlog
F:\project\Transparent_encryption\SafeWall\SwServer\Release\link-cvtres.write.1.tlog
F:\project\Transparent_encryption\SafeWall\SwServer\Release\link-rc.read.1.tlog
F:\project\Transparent_encryption\SafeWall\SwServer\Release\link-rc.write.1.tlog
F:\project\Transparent_encryption\SafeWall\SwServer\Release\link.command.1.tlog
F:\project\Transparent_encryption\SafeWall\SwServer\Release\link.read.1.tlog
F:\project\Transparent_encryption\SafeWall\SwServer\Release\link.write.1.tlog
F:\project\Transparent_encryption\SafeWall\SwServer\Release\rc.command.1.tlog
F:\project\Transparent_encryption\SafeWall\SwServer\Release\rc.read.1.tlog
F:\project\Transparent_encryption\SafeWall\SwServer\Release\rc.write.1.tlog
F:\project\Transparent_encryption\SafeWall\SwServer\Release\SwServer.res
F:\project\Transparent_encryption\SafeWall\SwServer\Release\vc110.pdb
F:\project\Transparent_encryption\SafeWall\Release\SwServer.pdb
F:\project\Transparent_encryption\SafeWall\Release\SwServer.exe
