F:\PROJECT\TRANSPARENT_ENCRYPTION\SAFEWALL\SAFEWALL\WIN8RELEASE\SWFILELIST.OBJ
F:\PROJECT\TRANSPARENT_ENCRYPTION\SAFEWALL\SAFEWALL\WIN8RELEASE\SWTRANSFORMFILE.OBJ
F:\PROJECT\TRANSPARENT_ENCRYPTION\SAFEWALL\SAFEWALL\WIN8RELEASE\SWTRANSFORMCODE.OBJ
F:\PROJECT\TRANSPARENT_ENCRYPTION\SAFEWALL\SAFEWALL\WIN8RELEASE\MYFILESYSTEMROUTINE.OBJ
F:\PROJECT\TRANSPARENT_ENCRYPTION\SAFEWALL\SAFEWALL\WIN8RELEASE\ISSHADOWCOPYVOLUME.OBJ
F:\PROJECT\TRANSPARENT_ENCRYPTION\SAFEWALL\SAFEWALL\WIN8RELEASE\GETPROCESSNAME.OBJ
F:\PROJECT\TRANSPARENT_ENCRYPTION\SAFEWALL\SAFEWALL\WIN8RELEASE\GETOBJECTINFORMATION.OBJ
F:\PROJECT\TRANSPARENT_ENCRYPTION\SAFEWALL\SAFEWALL\WIN8RELEASE\FILESYSTEMNOTIFICATIONROUTINE.OBJ
F:\PROJECT\TRANSPARENT_ENCRYPTION\SAFEWALL\SAFEWALL\WIN8RELEASE\FILESYSTEMDEVICECONTROL.OBJ
F:\PROJECT\TRANSPARENT_ENCRYPTION\SAFEWALL\SAFEWALL\WIN8RELEASE\FILESYSTEMCACHECLEAR.OBJ
F:\PROJECT\TRANSPARENT_ENCRYPTION\SAFEWALL\SAFEWALL\WIN8RELEASE\FASTIODISPATCH.OBJ
F:\PROJECT\TRANSPARENT_ENCRYPTION\SAFEWALL\SAFEWALL\WIN8RELEASE\DRIVERWRITEDISPATCHROUTINE.OBJ
F:\PROJECT\TRANSPARENT_ENCRYPTION\SAFEWALL\SAFEWALL\WIN8RELEASE\DRIVERREADDISPATCHROUTINE.OBJ
F:\PROJECT\TRANSPARENT_ENCRYPTION\SAFEWALL\SAFEWALL\WIN8RELEASE\DRIVERENTRY.OBJ
F:\PROJECT\TRANSPARENT_ENCRYPTION\SAFEWALL\SAFEWALL\WIN8RELEASE\DRIVERCREATEDISPATCHROUTINE.OBJ
F:\PROJECT\TRANSPARENT_ENCRYPTION\SAFEWALL\SAFEWALL\WIN8RELEASE\DRIVERCONTROLDISPATCHROUTINE.OBJ
F:\PROJECT\TRANSPARENT_ENCRYPTION\SAFEWALL\SAFEWALL\WIN8RELEASE\DRIVERCLOSEDISPATCHROUTINE.OBJ
F:\PROJECT\TRANSPARENT_ENCRYPTION\SAFEWALL\SAFEWALL\WIN8RELEASE\COMPLETIONROUTINE.OBJ
F:\PROJECT\TRANSPARENT_ENCRYPTION\SAFEWALL\SAFEWALL\WIN8RELEASE\ATTACHTODEVICE.OBJ
F:\PROJECT\TRANSPARENT_ENCRYPTION\SAFEWALL\SAFEWALL\WIN8RELEASE\DRIVERCLEANUPDISPATCHROUTINE.OBJ
F:\PROJECT\TRANSPARENT_ENCRYPTION\SAFEWALL\SAFEWALL\WIN8RELEASE\VC110.PDB
F:\PROJECT\TRANSPARENT_ENCRYPTION\SAFEWALL\WIN8RELEASE\SAFEWALL.SYS
F:\PROJECT\TRANSPARENT_ENCRYPTION\SAFEWALL\WIN8RELEASE\SAFEWALL.PDB
F:\PROJECT\TRANSPARENT_ENCRYPTION\SAFEWALL\SAFEWALL\WIN8RELEASE\SAFEWALL.INF
F:\project\Transparent_encryption\SafeWall\Win8Release\SafeWall.inf
F:\project\Transparent_encryption\SafeWall\SafeWall\Win8Release\AttachToDevice.obj
F:\project\Transparent_encryption\SafeWall\SafeWall\Win8Release\CompletionRoutine.obj
F:\project\Transparent_encryption\SafeWall\SafeWall\Win8Release\DriverCleanUpDispatchRoutine.obj
F:\project\Transparent_encryption\SafeWall\SafeWall\Win8Release\DriverCloseDispatchRoutine.obj
F:\project\Transparent_encryption\SafeWall\SafeWall\Win8Release\DriverControlDispatchRoutine.obj
F:\project\Transparent_encryption\SafeWall\SafeWall\Win8Release\DriverCreateDispatchRoutine.obj
F:\project\Transparent_encryption\SafeWall\SafeWall\Win8Release\DriverEntry.obj
F:\project\Transparent_encryption\SafeWall\SafeWall\Win8Release\DriverReadDispatchRoutine.obj
F:\project\Transparent_encryption\SafeWall\SafeWall\Win8Release\DriverWriteDispatchRoutine.obj
F:\project\Transparent_encryption\SafeWall\SafeWall\Win8Release\FastIoDispatch.obj
F:\project\Transparent_encryption\SafeWall\SafeWall\Win8Release\FileSystemCacheClear.obj
F:\project\Transparent_encryption\SafeWall\SafeWall\Win8Release\FileSystemDeviceControl.obj
F:\project\Transparent_encryption\SafeWall\SafeWall\Win8Release\FileSystemNotificationRoutine.obj
F:\project\Transparent_encryption\SafeWall\SafeWall\Win8Release\GetObjectInformation.obj
F:\project\Transparent_encryption\SafeWall\SafeWall\Win8Release\GetProcessName.obj
F:\project\Transparent_encryption\SafeWall\SafeWall\Win8Release\IsShadowCopyVolume.obj
F:\project\Transparent_encryption\SafeWall\SafeWall\Win8Release\MyFileSystemRoutine.obj
F:\project\Transparent_encryption\SafeWall\SafeWall\Win8Release\SwFileList.obj
F:\project\Transparent_encryption\SafeWall\SafeWall\Win8Release\SwTransformCode.obj
F:\project\Transparent_encryption\SafeWall\SafeWall\Win8Release\SwTransformFile.obj
F:\project\Transparent_encryption\SafeWall\SafeWall\Win8Release\cl.command.1.tlog
F:\project\Transparent_encryption\SafeWall\SafeWall\Win8Release\CL.read.1.tlog
F:\project\Transparent_encryption\SafeWall\SafeWall\Win8Release\CL.write.1.tlog
F:\project\Transparent_encryption\SafeWall\SafeWall\Win8Release\link.command.1.tlog
F:\project\Transparent_encryption\SafeWall\SafeWall\Win8Release\link.read.1.tlog
F:\project\Transparent_encryption\SafeWall\SafeWall\Win8Release\link.write.1.tlog
F:\project\Transparent_encryption\SafeWall\SafeWall\Win8Release\stampinf.command.1.tlog
F:\project\Transparent_encryption\SafeWall\SafeWall\Win8Release\stampinf.read.1.tlog
F:\project\Transparent_encryption\SafeWall\SafeWall\Win8Release\stampinf.write.1.tlog
F:\project\Transparent_encryption\SafeWall\SafeWall\Win8Release\vc110.pdb
F:\project\Transparent_encryption\SafeWall\Win8Release\SafeWall.pdb
F:\project\Transparent_encryption\SafeWall\Win8Release\SafeWall.sys
