F:\PROJECT\TRANSPARENT_ENCRYPTION\SAFEWALL\SWCLIENT\RELEASE\SWCLIENT.OBJ
F:\PROJECT\TRANSPARENT_ENCRYPTION\SAFEWALL\SWCLIENT\RELEASE\ONCOMMAND.OBJ
F:\PROJECT\TRANSPARENT_ENCRYPTION\SAFEWALL\SWCLIENT\RELEASE\CHANGEPWDWNDPROC.OBJ
F:\PROJECT\TRANSPARENT_ENCRYPTION\SAFEWALL\SWCLIENT\RELEASE\INIRW.OBJ
F:\PROJECT\TRANSPARENT_ENCRYPTION\SAFEWALL\SWCLIENT\RELEASE\VC110.PDB
F:\PROJECT\TRANSPARENT_ENCRYPTION\SAFEWALL\SWCLIENT\RELEASE\NOTIFYSERVICE.OBJ
F:\PROJECT\TRANSPARENT_ENCRYPTION\SAFEWALL\SWCLIENT\RELEASE\SYSTEMCONFIGWNDPROC.OBJ
F:\PROJECT\TRANSPARENT_ENCRYPTION\SAFEWALL\SWCLIENT\RELEASE\SCANFILEWNDPROC.OBJ
F:\PROJECT\TRANSPARENT_ENCRYPTION\SAFEWALL\SWCLIENT\RELEASE\ONSYSCOMMAND.OBJ
F:\PROJECT\TRANSPARENT_ENCRYPTION\SAFEWALL\SWCLIENT\RELEASE\ONCREATE.OBJ
F:\PROJECT\TRANSPARENT_ENCRYPTION\SAFEWALL\SWCLIENT\RELEASE\LINKCONFIGWNDPROC.OBJ
F:\PROJECT\TRANSPARENT_ENCRYPTION\SAFEWALL\RELEASE\SWCLIENT.EXE
F:\PROJECT\TRANSPARENT_ENCRYPTION\SAFEWALL\RELEASE\SWCLIENT.PDB
F:\PROJECT\TRANSPARENT_ENCRYPTION\SAFEWALL\SWCLIENT\RELEASE\SWCLIENT.RES
F:\project\Transparent_encryption\SafeWall\SwClient\Release\ChangePwdWndProc.obj
F:\project\Transparent_encryption\SafeWall\SwClient\Release\inirw.obj
F:\project\Transparent_encryption\SafeWall\SwClient\Release\LinkConfigWndProc.obj
F:\project\Transparent_encryption\SafeWall\SwClient\Release\NotifyService.obj
F:\project\Transparent_encryption\SafeWall\SwClient\Release\OnCommand.obj
F:\project\Transparent_encryption\SafeWall\SwClient\Release\OnCreate.obj
F:\project\Transparent_encryption\SafeWall\SwClient\Release\OnSysCommand.obj
F:\project\Transparent_encryption\SafeWall\SwClient\Release\ScanFileWndproc.obj
F:\project\Transparent_encryption\SafeWall\SwClient\Release\SwClient.obj
F:\project\Transparent_encryption\SafeWall\SwClient\Release\SystemConfigWndProc.obj
F:\project\Transparent_encryption\SafeWall\SwClient\Release\cl.command.1.tlog
F:\project\Transparent_encryption\SafeWall\SwClient\Release\CL.read.1.tlog
F:\project\Transparent_encryption\SafeWall\SwClient\Release\CL.write.1.tlog
F:\project\Transparent_encryption\SafeWall\SwClient\Release\link-cvtres.read.1.tlog
F:\project\Transparent_encryption\SafeWall\SwClient\Release\link-cvtres.write.1.tlog
F:\project\Transparent_encryption\SafeWall\SwClient\Release\link-rc.read.1.tlog
F:\project\Transparent_encryption\SafeWall\SwClient\Release\link-rc.write.1.tlog
F:\project\Transparent_encryption\SafeWall\SwClient\Release\link.command.1.tlog
F:\project\Transparent_encryption\SafeWall\SwClient\Release\link.read.1.tlog
F:\project\Transparent_encryption\SafeWall\SwClient\Release\link.write.1.tlog
F:\project\Transparent_encryption\SafeWall\SwClient\Release\rc.command.1.tlog
F:\project\Transparent_encryption\SafeWall\SwClient\Release\rc.read.1.tlog
F:\project\Transparent_encryption\SafeWall\SwClient\Release\rc.write.1.tlog
F:\project\Transparent_encryption\SafeWall\SwClient\Release\SwClient.res
F:\project\Transparent_encryption\SafeWall\SwClient\Release\vc110.pdb
F:\project\Transparent_encryption\SafeWall\Release\SwClient.pdb
F:\project\Transparent_encryption\SafeWall\Release\SwClient.exe
