生成启动时间为 2017-11-03 01:29:26。
     1>项目“F:\project\Transparent_encryption\SafeWall\SwClient\SwClient.vcxproj”在节点 2 上(Build 个目标)。
     1>ClCompile:
         C:\Program Files (x86)\Microsoft Visual Studio 11.0\VC\bin\CL.exe /c /Zi /nologo /W3 /WX- /sdl /O2 /Oi /Oy- /GL /D WIN32 /D NDEBUG /D _WINDOWS /D _USING_V110_SDK71_ /D _UNICODE /D UNICODE /Gm- /EHsc /MD /GS /Gy /fp:precise /Zc:wchar_t /Zc:forScope /Fo"Release\\" /Fd"Release\vc110.pdb" /Gd /TP /analyze- /errorReport:prompt OnSysCommand.cpp SwClient.cpp
         OnSysCommand.cpp
         SwClient.cpp
       Link:
         C:\Program Files (x86)\Microsoft Visual Studio 11.0\VC\bin\link.exe /ERRORREPORT:PROMPT /OUT:"F:\project\Transparent_encryption\SafeWall\Release\SwClient.exe" /INCREMENTAL:NO /NOLOGO kernel32.lib user32.lib gdi32.lib winspool.lib comdlg32.lib advapi32.lib shell32.lib ole32.lib oleaut32.lib uuid.lib odbc32.lib odbccp32.lib /MANIFEST /MANIFESTUAC:"level='asInvoker' uiAccess='false'" /manifest:embed /DEBUG /PDB:"F:\project\Transparent_encryption\SafeWall\Release\SwClient.pdb" /SUBSYSTEM:WINDOWS,"5.01" /OPT:REF /OPT:ICF /LTCG /TLBID:1 /DYNAMICBASE /NXCOMPAT /IMPLIB:"F:\project\Transparent_encryption\SafeWall\Release\SwClient.lib" /MACHINE:X86 /SAFESEH Release\SwClient.res
         Release\inirw.obj
         Release\ChangePwdWndProc.obj
         Release\LinkConfigWndProc.obj
         Release\NotifyService.obj
         Release\OnCommand.obj
         Release\OnCreate.obj
         Release\OnSysCommand.obj
         Release\ScanFileWndproc.obj
         Release\SelfPrivilegeUp.obj
         Release\SwClient.obj
         Release\SystemConfigWndProc.obj
         正在生成代码
         已完成代码的生成
         SwClient.vcxproj -> F:\project\Transparent_encryption\SafeWall\Release\SwClient.exe
     1>已完成生成项目“F:\project\Transparent_encryption\SafeWall\SwClient\SwClient.vcxproj”(Build 个目标)的操作。

生成成功。

已用时间 00:00:01.13
