F:\PROJECT\TRANSPARENT_ENCRYPTION\SAFEWALL\SWCSVC\RELEASE\SERVICECONTROLHANDLER.OBJ
F:\PROJECT\TRANSPARENT_ENCRYPTION\SAFEWALL\SWCSVC\RELEASE\VISITMAPFILE.OBJ
F:\PROJECT\TRANSPARENT_ENCRYPTION\SAFEWALL\SWCSVC\RELEASE\CSERVICE.OBJ
F:\PROJECT\TRANSPARENT_ENCRYPTION\SAFEWALL\SWCSVC\RELEASE\INIRW.OBJ
F:\PROJECT\TRANSPARENT_ENCRYPTION\SAFEWALL\SWCSVC\RELEASE\VC110.PDB
F:\PROJECT\TRANSPARENT_ENCRYPTION\SAFEWALL\SWCSVC\RELEASE\SWCSVC.OBJ
F:\PROJECT\TRANSPARENT_ENCRYPTION\SAFEWALL\RELEASE\SWCSVC.EXE
F:\PROJECT\TRANSPARENT_ENCRYPTION\SAFEWALL\RELEASE\SWCSVC.PDB
F:\project\Transparent_encryption\SafeWall\swcsvc\Release\cservice.obj
F:\project\Transparent_encryption\SafeWall\swcsvc\Release\inirw.obj
F:\project\Transparent_encryption\SafeWall\swcsvc\Release\ServiceControlHandler.obj
F:\project\Transparent_encryption\SafeWall\swcsvc\Release\swcsvc.obj
F:\project\Transparent_encryption\SafeWall\swcsvc\Release\VisitMapFile.obj
F:\project\Transparent_encryption\SafeWall\swcsvc\Release\cl.command.1.tlog
F:\project\Transparent_encryption\SafeWall\swcsvc\Release\CL.read.1.tlog
F:\project\Transparent_encryption\SafeWall\swcsvc\Release\CL.write.1.tlog
F:\project\Transparent_encryption\SafeWall\swcsvc\Release\link-cvtres.read.1.tlog
F:\project\Transparent_encryption\SafeWall\swcsvc\Release\link-cvtres.write.1.tlog
F:\project\Transparent_encryption\SafeWall\swcsvc\Release\link-rc.read.1.tlog
F:\project\Transparent_encryption\SafeWall\swcsvc\Release\link-rc.write.1.tlog
F:\project\Transparent_encryption\SafeWall\swcsvc\Release\link.command.1.tlog
F:\project\Transparent_encryption\SafeWall\swcsvc\Release\link.read.1.tlog
F:\project\Transparent_encryption\SafeWall\swcsvc\Release\link.write.1.tlog
F:\project\Transparent_encryption\SafeWall\swcsvc\Release\vc110.pdb
F:\project\Transparent_encryption\SafeWall\Release\swcsvc.pdb
