生成启动时间为 2017-11-03 00:03:32。
     1>项目“F:\project\Transparent_encryption\SafeWall\swcsvc\swcsvc.vcxproj”在节点 2 上(Build 个目标)。
     1>ClCompile:
         C:\Program Files (x86)\Microsoft Visual Studio 11.0\VC\bin\CL.exe /c /ZI /nologo /W3 /WX- /sdl /Od /Oy- /D WIN32 /D _DEBUG /D _CONSOLE /D _UNICODE /D UNICODE /Gm /EHsc /RTC1 /MDd /GS /fp:precise /Zc:wchar_t /Zc:forScope /Fo"Debug\\" /Fd"Debug\vc110.pdb" /Gd /TP /analyze- /errorReport:prompt ..\include\accist.cpp ServiceControlHandler.cpp VisitMapFile.cpp swcsvc.cpp
         swcsvc.cpp
     1>f:\project\transparent_encryption\safewall\swcsvc\swcsvc.cpp(187): warning C4101: “hOrderSubKey”: 未引用的局部变量
     1>f:\project\transparent_encryption\safewall\swcsvc\swcsvc.cpp(190): warning C4101: “cbType”: 未引用的局部变量
     1>f:\project\transparent_encryption\safewall\swcsvc\swcsvc.cpp(189): warning C4101: “SubKeyPath”: 未引用的局部变量
     1>f:\project\transparent_encryption\safewall\swcsvc\swcsvc.cpp(191): warning C4101: “buffer”: 未引用的局部变量
     1>f:\project\transparent_encryption\safewall\swcsvc\swcsvc.cpp(190): warning C4101: “cbData”: 未引用的局部变量
         ServiceControlHandler.cpp
     1>f:\project\transparent_encryption\safewall\swcsvc\servicecontrolhandler.cpp(43): warning C4101: “servAddr”: 未引用的局部变量
     1>f:\project\transparent_encryption\safewall\swcsvc\servicecontrolhandler.cpp(128): warning C4101: “buffer”: 未引用的局部变量
     1>f:\project\transparent_encryption\safewall\swcsvc\servicecontrolhandler.cpp(167): warning C4101: “error”: 未引用的局部变量
     1>f:\project\transparent_encryption\safewall\swcsvc\servicecontrolhandler.cpp(207): warning C4101: “error”: 未引用的局部变量
         正在生成代码...
         正在编译...
         VisitMapFile.cpp
         正在生成代码...
         正在编译...
         accist.cpp
         正在生成代码...
       Link:
         C:\Program Files (x86)\Microsoft Visual Studio 11.0\VC\bin\link.exe /ERRORREPORT:PROMPT /OUT:"F:\project\Transparent_encryption\SafeWall\Debug\swcsvc.exe" /INCREMENTAL /NOLOGO kernel32.lib user32.lib gdi32.lib winspool.lib comdlg32.lib advapi32.lib shell32.lib ole32.lib oleaut32.lib uuid.lib odbc32.lib odbccp32.lib /MANIFEST /MANIFESTUAC:"level='asInvoker' uiAccess='false'" /manifest:embed /DEBUG /PDB:"F:\project\Transparent_encryption\SafeWall\Debug\swcsvc.pdb" /SUBSYSTEM:CONSOLE /TLBID:1 /DYNAMICBASE /NXCOMPAT /IMPLIB:"F:\project\Transparent_encryption\SafeWall\Debug\swcsvc.lib" /MACHINE:X86 Debug\accist.obj
         Debug\inirw.obj
         Debug\mysock.obj
         Debug\ServiceControlHandler.obj
         Debug\swcsvc.obj
         Debug\VisitMapFile.obj
         json_vc71_libmt.lib(json_value.obj) : 找到 MSIL .netmodule 或使用 /GL 编译的模块；正在使用 /LTCG 重新启动链接；将 /LTCG 添加到链接命令行以改进链接器性能
     1>LINK : warning LNK4075: 忽略“/INCREMENTAL”(由于“/LTCG”规范)
     1>accist.obj : warning LNK4075: 忽略“/EDITANDCONTINUE”(由于“/OPT:LBR”规范)
     1>json_vc71_libmt.lib(json_value.obj) : error LNK2038: 检测到“_ITERATOR_DEBUG_LEVEL”的不匹配项: 值“0”不匹配值“2”(ServiceControlHandler.obj 中)
     1>json_vc71_libmt.lib(json_value.obj) : error LNK2038: 检测到“RuntimeLibrary”的不匹配项: 值“MT_StaticRelease”不匹配值“MDd_DynamicDebug”(ServiceControlHandler.obj 中)
     1>json_vc71_libmt.lib(json_value.obj) : error LNK2005: "public: __thiscall std::locale::id::id(unsigned int)" (??0id@locale@std@@QAE@I@Z) 已经在 msvcprtd.lib(MSVCP110D.dll) 中定义
     1>json_vc71_libmt.lib(json_reader.obj) : error LNK2038: 检测到“_ITERATOR_DEBUG_LEVEL”的不匹配项: 值“0”不匹配值“2”(ServiceControlHandler.obj 中)
     1>json_vc71_libmt.lib(json_reader.obj) : error LNK2038: 检测到“RuntimeLibrary”的不匹配项: 值“MT_StaticRelease”不匹配值“MDd_DynamicDebug”(ServiceControlHandler.obj 中)
     1>json_vc71_libmt.lib(json_reader.obj) : error LNK2005: "public: void __thiscall std::_Container_base12::_Orphan_all(void)" (?_Orphan_all@_Container_base12@std@@QAEXXZ) 已经在 msvcprtd.lib(MSVCP110D.dll) 中定义
     1>json_vc71_libmt.lib(json_reader.obj) : error LNK2005: "public: __thiscall std::_Container_base12::~_Container_base12(void)" (??1_Container_base12@std@@QAE@XZ) 已经在 msvcprtd.lib(MSVCP110D.dll) 中定义
     1>json_vc71_libmt.lib(json_reader.obj) : error LNK2005: "public: __thiscall std::_Container_base12::_Container_base12(void)" (??0_Container_base12@std@@QAE@XZ) 已经在 msvcprtd.lib(MSVCP110D.dll) 中定义
     1>json_vc71_libmt.lib(json_writer.obj) : error LNK2038: 检测到“_ITERATOR_DEBUG_LEVEL”的不匹配项: 值“0”不匹配值“2”(ServiceControlHandler.obj 中)
     1>json_vc71_libmt.lib(json_writer.obj) : error LNK2038: 检测到“RuntimeLibrary”的不匹配项: 值“MT_StaticRelease”不匹配值“MDd_DynamicDebug”(ServiceControlHandler.obj 中)
     1>libcpmt.lib(locale0.obj) : error LNK2038: 检测到“_ITERATOR_DEBUG_LEVEL”的不匹配项: 值“0”不匹配值“2”(ServiceControlHandler.obj 中)
     1>libcpmt.lib(locale0.obj) : error LNK2038: 检测到“RuntimeLibrary”的不匹配项: 值“MT_StaticRelease”不匹配值“MDd_DynamicDebug”(ServiceControlHandler.obj 中)
     1>libcpmt.lib(ios.obj) : error LNK2038: 检测到“_ITERATOR_DEBUG_LEVEL”的不匹配项: 值“0”不匹配值“2”(ServiceControlHandler.obj 中)
     1>libcpmt.lib(ios.obj) : error LNK2038: 检测到“RuntimeLibrary”的不匹配项: 值“MT_StaticRelease”不匹配值“MDd_DynamicDebug”(ServiceControlHandler.obj 中)
     1>libcpmt.lib(uncaught.obj) : error LNK2038: 检测到“_ITERATOR_DEBUG_LEVEL”的不匹配项: 值“0”不匹配值“2”(ServiceControlHandler.obj 中)
     1>libcpmt.lib(uncaught.obj) : error LNK2038: 检测到“RuntimeLibrary”的不匹配项: 值“MT_StaticRelease”不匹配值“MDd_DynamicDebug”(ServiceControlHandler.obj 中)
     1>libcpmt.lib(iomanip.obj) : error LNK2038: 检测到“_ITERATOR_DEBUG_LEVEL”的不匹配项: 值“0”不匹配值“2”(ServiceControlHandler.obj 中)
     1>libcpmt.lib(iomanip.obj) : error LNK2038: 检测到“RuntimeLibrary”的不匹配项: 值“MT_StaticRelease”不匹配值“MDd_DynamicDebug”(ServiceControlHandler.obj 中)
     1>libcpmt.lib(iosptrs.obj) : error LNK2038: 检测到“_ITERATOR_DEBUG_LEVEL”的不匹配项: 值“0”不匹配值“2”(ServiceControlHandler.obj 中)
     1>libcpmt.lib(iosptrs.obj) : error LNK2038: 检测到“RuntimeLibrary”的不匹配项: 值“MT_StaticRelease”不匹配值“MDd_DynamicDebug”(ServiceControlHandler.obj 中)
     1>libcpmt.lib(locale.obj) : error LNK2038: 检测到“_ITERATOR_DEBUG_LEVEL”的不匹配项: 值“0”不匹配值“2”(ServiceControlHandler.obj 中)
     1>libcpmt.lib(locale.obj) : error LNK2038: 检测到“RuntimeLibrary”的不匹配项: 值“MT_StaticRelease”不匹配值“MDd_DynamicDebug”(ServiceControlHandler.obj 中)
     1>libcpmt.lib(xlock.obj) : error LNK2038: 检测到“_ITERATOR_DEBUG_LEVEL”的不匹配项: 值“0”不匹配值“2”(ServiceControlHandler.obj 中)
     1>libcpmt.lib(xlock.obj) : error LNK2038: 检测到“RuntimeLibrary”的不匹配项: 值“MT_StaticRelease”不匹配值“MDd_DynamicDebug”(ServiceControlHandler.obj 中)
     1>libcpmt.lib(xthrow.obj) : error LNK2038: 检测到“_ITERATOR_DEBUG_LEVEL”的不匹配项: 值“0”不匹配值“2”(ServiceControlHandler.obj 中)
     1>libcpmt.lib(xthrow.obj) : error LNK2038: 检测到“RuntimeLibrary”的不匹配项: 值“MT_StaticRelease”不匹配值“MDd_DynamicDebug”(ServiceControlHandler.obj 中)
     1>libcpmt.lib(wlocale.obj) : error LNK2038: 检测到“_ITERATOR_DEBUG_LEVEL”的不匹配项: 值“0”不匹配值“2”(ServiceControlHandler.obj 中)
     1>libcpmt.lib(wlocale.obj) : error LNK2038: 检测到“RuntimeLibrary”的不匹配项: 值“MT_StaticRelease”不匹配值“MDd_DynamicDebug”(ServiceControlHandler.obj 中)
     1>libcpmt.lib(xlocale.obj) : error LNK2038: 检测到“_ITERATOR_DEBUG_LEVEL”的不匹配项: 值“0”不匹配值“2”(ServiceControlHandler.obj 中)
     1>libcpmt.lib(xlocale.obj) : error LNK2038: 检测到“RuntimeLibrary”的不匹配项: 值“MT_StaticRelease”不匹配值“MDd_DynamicDebug”(ServiceControlHandler.obj 中)
     1>libcpmt.lib(xdateord.obj) : error LNK2038: 检测到“_ITERATOR_DEBUG_LEVEL”的不匹配项: 值“0”不匹配值“2”(ServiceControlHandler.obj 中)
     1>libcpmt.lib(xdateord.obj) : error LNK2038: 检测到“RuntimeLibrary”的不匹配项: 值“MT_StaticRelease”不匹配值“MDd_DynamicDebug”(ServiceControlHandler.obj 中)
     1>LINK : warning LNK4098: 默认库“MSVCRTD”与其他库的使用冲突；请使用 /NODEFAULTLIB:library
     1>MSVCRTD.lib(cinitexe.obj) : warning LNK4098: 默认库“libcmt.lib”与其他库的使用冲突；请使用 /NODEFAULTLIB:library
     1>F:\project\Transparent_encryption\SafeWall\Debug\swcsvc.exe : fatal error LNK1169: 找到一个或多个多重定义的符号
     1>已完成生成项目“F:\project\Transparent_encryption\SafeWall\swcsvc\swcsvc.vcxproj”(Build 个目标)的操作 - 失败。

生成失败。

已用时间 00:00:09.52
