F:\PROJECT\TRANSPARENT_ENCRYPTION\SAFEWALL\SWCSVC\DEBUG\CSERVICE.OBJ
F:\PROJECT\TRANSPARENT_ENCRYPTION\SAFEWALL\SWCSVC\DEBUG\SERVICECONTROLHANDLER.OBJ
F:\PROJECT\TRANSPARENT_ENCRYPTION\SAFEWALL\SWCSVC\DEBUG\SWCSVC.OBJ
F:\PROJECT\TRANSPARENT_ENCRYPTION\SAFEWALL\SWCSVC\DEBUG\VISITMAPFILE.OBJ
F:\PROJECT\TRANSPARENT_ENCRYPTION\SAFEWALL\SWCSVC\DEBUG\VC110.PDB
F:\PROJECT\TRANSPARENT_ENCRYPTION\SAFEWALL\SWCSVC\DEBUG\INIRW.OBJ
F:\project\Transparent_encryption\SafeWall\swcsvc\Debug\cservice.obj
F:\project\Transparent_encryption\SafeWall\swcsvc\Debug\inirw.obj
F:\project\Transparent_encryption\SafeWall\swcsvc\Debug\ServiceControlHandler.obj
F:\project\Transparent_encryption\SafeWall\swcsvc\Debug\swcsvc.obj
F:\project\Transparent_encryption\SafeWall\swcsvc\Debug\VisitMapFile.obj
F:\project\Transparent_encryption\SafeWall\swcsvc\Debug\cl.command.1.tlog
F:\project\Transparent_encryption\SafeWall\swcsvc\Debug\CL.read.1.tlog
F:\project\Transparent_encryption\SafeWall\swcsvc\Debug\CL.write.1.tlog
F:\project\Transparent_encryption\SafeWall\swcsvc\Debug\link.2696.read.1.tlog
F:\project\Transparent_encryption\SafeWall\swcsvc\Debug\link.2696.write.1.tlog
F:\project\Transparent_encryption\SafeWall\swcsvc\Debug\link.4400.read.1.tlog
F:\project\Transparent_encryption\SafeWall\swcsvc\Debug\link.4400.write.1.tlog
F:\project\Transparent_encryption\SafeWall\swcsvc\Debug\link.8336.read.1.tlog
F:\project\Transparent_encryption\SafeWall\swcsvc\Debug\link.8336.write.1.tlog
F:\project\Transparent_encryption\SafeWall\swcsvc\Debug\link.8972.read.1.tlog
F:\project\Transparent_encryption\SafeWall\swcsvc\Debug\link.8972.write.1.tlog
F:\project\Transparent_encryption\SafeWall\swcsvc\Debug\link.command.1.tlog
F:\project\Transparent_encryption\SafeWall\swcsvc\Debug\link.read.1.tlog
F:\project\Transparent_encryption\SafeWall\swcsvc\Debug\link.write.1.tlog
F:\project\Transparent_encryption\SafeWall\swcsvc\Debug\vc110.idb
F:\project\Transparent_encryption\SafeWall\swcsvc\Debug\vc110.pdb
F:\project\Transparent_encryption\SafeWall\Debug\swcsvc.ilk
