F:\PROJECT\TRANSPARENT_ENCRYPTION\SAFEWALL\TEMP\UILIB\DLL_RELEASE_2008\UILIB.PCH
F:\PROJECT\TRANSPARENT_ENCRYPTION\SAFEWALL\TEMP\UILIB\DLL_RELEASE_2008\STDAFX.OBJ
F:\PROJECT\TRANSPARENT_ENCRYPTION\SAFEWALL\TEMP\UILIB\DLL_RELEASE_2008\VC110.PDB
F:\PROJECT\TRANSPARENT_ENCRYPTION\SAFEWALL\TEMP\UILIB\DLL_RELEASE_2008\UICHECKBOX.OBJ
F:\PROJECT\TRANSPARENT_ENCRYPTION\SAFEWALL\TEMP\UILIB\DLL_RELEASE_2008\UIANIMATION.OBJ
F:\PROJECT\TRANSPARENT_ENCRYPTION\SAFEWALL\TEMP\UILIB\DLL_RELEASE_2008\UILIB.OBJ
F:\PROJECT\TRANSPARENT_ENCRYPTION\SAFEWALL\TEMP\UILIB\DLL_RELEASE_2008\UIDELEGATE.OBJ
F:\PROJECT\TRANSPARENT_ENCRYPTION\SAFEWALL\TEMP\UILIB\DLL_RELEASE_2008\UIVERTICALLAYOUT.OBJ
F:\PROJECT\TRANSPARENT_ENCRYPTION\SAFEWALL\TEMP\UILIB\DLL_RELEASE_2008\UITILELAYOUT.OBJ
F:\PROJECT\TRANSPARENT_ENCRYPTION\SAFEWALL\TEMP\UILIB\DLL_RELEASE_2008\UITABLAYOUT.OBJ
F:\PROJECT\TRANSPARENT_ENCRYPTION\SAFEWALL\TEMP\UILIB\DLL_RELEASE_2008\UIHORIZONTALLAYOUT.OBJ
F:\PROJECT\TRANSPARENT_ENCRYPTION\SAFEWALL\TEMP\UILIB\DLL_RELEASE_2008\UIDXANIMATION.OBJ
F:\PROJECT\TRANSPARENT_ENCRYPTION\SAFEWALL\TEMP\UILIB\DLL_RELEASE_2008\UIBASE.OBJ
F:\project\Transparent_encryption\SafeWall\Temp\UiLib\DLL_Release_2008\StdAfx.obj
F:\project\Transparent_encryption\SafeWall\Temp\UiLib\DLL_Release_2008\UIAnimation.obj
F:\project\Transparent_encryption\SafeWall\Temp\UiLib\DLL_Release_2008\UIBase.obj
F:\project\Transparent_encryption\SafeWall\Temp\UiLib\DLL_Release_2008\UICheckBox.obj
F:\project\Transparent_encryption\SafeWall\Temp\UiLib\DLL_Release_2008\UIDelegate.obj
F:\project\Transparent_encryption\SafeWall\Temp\UiLib\DLL_Release_2008\UIDxAnimation.obj
F:\project\Transparent_encryption\SafeWall\Temp\UiLib\DLL_Release_2008\UIHorizontalLayout.obj
F:\project\Transparent_encryption\SafeWall\Temp\UiLib\DLL_Release_2008\UIlib.obj
F:\project\Transparent_encryption\SafeWall\Temp\UiLib\DLL_Release_2008\UITabLayout.obj
F:\project\Transparent_encryption\SafeWall\Temp\UiLib\DLL_Release_2008\UITileLayout.obj
F:\project\Transparent_encryption\SafeWall\Temp\UiLib\DLL_Release_2008\UIVerticalLayout.obj
F:\project\Transparent_encryption\SafeWall\Temp\UiLib\DLL_Release_2008\cl.command.1.tlog
F:\project\Transparent_encryption\SafeWall\Temp\UiLib\DLL_Release_2008\CL.read.1.tlog
F:\project\Transparent_encryption\SafeWall\Temp\UiLib\DLL_Release_2008\CL.write.1.tlog
F:\project\Transparent_encryption\SafeWall\Temp\UiLib\DLL_Release_2008\UiLib.pch
F:\project\Transparent_encryption\SafeWall\Temp\UiLib\DLL_Release_2008\vc110.pdb
F:\project\Transparent_encryption\SafeWall\\Common\DLL_Release_2008\UiLib.dll
