F:\PROJECT\TRANSPARENT_ENCRYPTION\SAFEWALL\SWSSVC\DEBUG\SWSSVC.OBJ
F:\PROJECT\TRANSPARENT_ENCRYPTION\SAFEWALL\SWSSVC\DEBUG\VC110.PDB
F:\PROJECT\TRANSPARENT_ENCRYPTION\SAFEWALL\DEBUG\SWSSVC.ILK
F:\PROJECT\TRANSPARENT_ENCRYPTION\SAFEWALL\DEBUG\SWSSVC.EXE
F:\PROJECT\TRANSPARENT_ENCRYPTION\SAFEWALL\DEBUG\SWSSVC.PDB
F:\project\Transparent_encryption\SafeWall\swssvc\Debug\swssvc.obj
F:\project\Transparent_encryption\SafeWall\swssvc\Debug\cl.command.1.tlog
F:\project\Transparent_encryption\SafeWall\swssvc\Debug\CL.read.1.tlog
F:\project\Transparent_encryption\SafeWall\swssvc\Debug\CL.write.1.tlog
F:\project\Transparent_encryption\SafeWall\swssvc\Debug\link-cvtres.read.1.tlog
F:\project\Transparent_encryption\SafeWall\swssvc\Debug\link-cvtres.write.1.tlog
F:\project\Transparent_encryption\SafeWall\swssvc\Debug\link-rc.read.1.tlog
F:\project\Transparent_encryption\SafeWall\swssvc\Debug\link-rc.write.1.tlog
F:\project\Transparent_encryption\SafeWall\swssvc\Debug\link.command.1.tlog
F:\project\Transparent_encryption\SafeWall\swssvc\Debug\link.read.1.tlog
F:\project\Transparent_encryption\SafeWall\swssvc\Debug\link.write.1.tlog
F:\project\Transparent_encryption\SafeWall\swssvc\Debug\vc110.idb
F:\project\Transparent_encryption\SafeWall\swssvc\Debug\vc110.pdb
F:\project\Transparent_encryption\SafeWall\Debug\swssvc.pdb
F:\project\Transparent_encryption\SafeWall\Debug\swssvc.exe
F:\project\Transparent_encryption\SafeWall\Debug\swssvc.ilk
