生成启动时间为 2018-07-15 23:15:52。
     1>项目“F:\project\Transparent_encryption\SafeWall\ManagerUI\ManagerUI.vcxproj”在节点 2 上(Build 个目标)。
     1>ClCompile:
         C:\Program Files (x86)\Microsoft Visual Studio 11.0\VC\bin\CL.exe /c /Zi /nologo /W3 /WX- /sdl /Od /Oi /Oy- /GL /D WIN32 /D NDEBUG /D _WINDOWS /D _USING_V110_SDK71_ /D _MBCS /Gm- /EHsc /MT /GS /Gy /fp:precise /Zc:wchar_t /Zc:forScope /Fo"Release\\" /Fd"Release\vc110.pdb" /Gd /TP /analyze- /errorReport:prompt AddConnectFrameWnd.cpp AddListenFrameWnd.cpp AddProcessItemFrameWnd.cpp AddUserFrameWnd.cpp ChangePwdFrameWnd.cpp FrameWnd.cpp LoginFrameWnd.cpp MessageBoxUI.cpp UserAccessFrameWnd.cpp
         AddConnectFrameWnd.cpp
         AddListenFrameWnd.cpp
         AddProcessItemFrameWnd.cpp
         AddUserFrameWnd.cpp
         ChangePwdFrameWnd.cpp
         FrameWnd.cpp
         LoginFrameWnd.cpp
         MessageBoxUI.cpp
         UserAccessFrameWnd.cpp
       ResourceCompile:
         C:\Program Files (x86)\Microsoft SDKs\Windows\v7.1A\bin\rc.exe /D _USING_V110_SDK71_ /l"0x0409" /nologo /fo"Release\ManagerUI.res" ManagerUI.rc 
       Link:
         C:\Program Files (x86)\Microsoft Visual Studio 11.0\VC\bin\link.exe /ERRORREPORT:PROMPT /OUT:"F:\project\Transparent_encryption\SafeWall\Release\ManagerUI.exe" /INCREMENTAL:NO /NOLOGO kernel32.lib user32.lib gdi32.lib winspool.lib comdlg32.lib advapi32.lib shell32.lib ole32.lib oleaut32.lib uuid.lib odbc32.lib odbccp32.lib /MANIFEST /MANIFESTUAC:"level='asInvoker' uiAccess='false'" /manifest:embed /DEBUG /PDB:"F:\project\Transparent_encryption\SafeWall\Release\ManagerUI.pdb" /SUBSYSTEM:WINDOWS,"5.01" /OPT:REF /OPT:ICF /LTCG /TLBID:1 /DYNAMICBASE /NXCOMPAT /IMPLIB:"F:\project\Transparent_encryption\SafeWall\Release\ManagerUI.lib" /MACHINE:X86 /SAFESEH Release\ManagerUI.res
         Release\inirw.obj
         Release\mysock.obj
         Release\AddConnectFrameWnd.obj
         Release\AddListenFrameWnd.obj
         Release\AddProcessItemFrameWnd.obj
         Release\AddUserFrameWnd.obj
         Release\ChangePwdFrameWnd.obj
         Release\Csocket.obj
         Release\FrameWnd.obj
         Release\LoginFrameWnd.obj
         Release\MessageBoxUI.obj
         Release\UserAccessFrameWnd.obj
         正在生成代码
         已完成代码的生成
         ManagerUI.vcxproj -> F:\project\Transparent_encryption\SafeWall\Release\ManagerUI.exe
     1>已完成生成项目“F:\project\Transparent_encryption\SafeWall\ManagerUI\ManagerUI.vcxproj”(Build 个目标)的操作。

生成成功。

已用时间 00:00:15.64
