F:\PROJECT\TRANSPARENT_ENCRYPTION\SAFEWALL\MANAGERUI\RELEASE\MYSOCK.OBJ
F:\PROJECT\TRANSPARENT_ENCRYPTION\SAFEWALL\MANAGERUI\RELEASE\INIRW.OBJ
F:\PROJECT\TRANSPARENT_ENCRYPTION\SAFEWALL\MANAGERUI\RELEASE\VC110.PDB
F:\PROJECT\TRANSPARENT_ENCRYPTION\SAFEWALL\MANAGERUI\RELEASE\CSOCKET.OBJ
F:\PROJECT\TRANSPARENT_ENCRYPTION\SAFEWALL\MANAGERUI\RELEASE\USERACCESSFRAMEWND.OBJ
F:\PROJECT\TRANSPARENT_ENCRYPTION\SAFEWALL\MANAGERUI\RELEASE\MESSAGEBOXUI.OBJ
F:\PROJECT\TRANSPARENT_ENCRYPTION\SAFEWALL\MANAGERUI\RELEASE\LOGINFRAMEWND.OBJ
F:\PROJECT\TRANSPARENT_ENCRYPTION\SAFEWALL\MANAGERUI\RELEASE\FRAMEWND.OBJ
F:\PROJECT\TRANSPARENT_ENCRYPTION\SAFEWALL\MANAGERUI\RELEASE\CHANGEPWDFRAMEWND.OBJ
F:\PROJECT\TRANSPARENT_ENCRYPTION\SAFEWALL\MANAGERUI\RELEASE\ADDUSERFRAMEWND.OBJ
F:\PROJECT\TRANSPARENT_ENCRYPTION\SAFEWALL\MANAGERUI\RELEASE\ADDPROCESSITEMFRAMEWND.OBJ
F:\PROJECT\TRANSPARENT_ENCRYPTION\SAFEWALL\MANAGERUI\RELEASE\ADDLISTENFRAMEWND.OBJ
F:\PROJECT\TRANSPARENT_ENCRYPTION\SAFEWALL\MANAGERUI\RELEASE\ADDCONNECTFRAMEWND.OBJ
F:\PROJECT\TRANSPARENT_ENCRYPTION\SAFEWALL\MANAGERUI\RELEASE\MANAGERUI.RES
F:\project\Transparent_encryption\SafeWall\ManagerUI\Release\AddConnectFrameWnd.obj
F:\project\Transparent_encryption\SafeWall\ManagerUI\Release\AddListenFrameWnd.obj
F:\project\Transparent_encryption\SafeWall\ManagerUI\Release\AddProcessItemFrameWnd.obj
F:\project\Transparent_encryption\SafeWall\ManagerUI\Release\AddUserFrameWnd.obj
F:\project\Transparent_encryption\SafeWall\ManagerUI\Release\ChangePwdFrameWnd.obj
F:\project\Transparent_encryption\SafeWall\ManagerUI\Release\Csocket.obj
F:\project\Transparent_encryption\SafeWall\ManagerUI\Release\FrameWnd.obj
F:\project\Transparent_encryption\SafeWall\ManagerUI\Release\inirw.obj
F:\project\Transparent_encryption\SafeWall\ManagerUI\Release\LoginFrameWnd.obj
F:\project\Transparent_encryption\SafeWall\ManagerUI\Release\MessageBoxUI.obj
F:\project\Transparent_encryption\SafeWall\ManagerUI\Release\mysock.obj
F:\project\Transparent_encryption\SafeWall\ManagerUI\Release\UserAccessFrameWnd.obj
F:\project\Transparent_encryption\SafeWall\ManagerUI\Release\cl.command.1.tlog
F:\project\Transparent_encryption\SafeWall\ManagerUI\Release\CL.read.1.tlog
F:\project\Transparent_encryption\SafeWall\ManagerUI\Release\CL.write.1.tlog
F:\project\Transparent_encryption\SafeWall\ManagerUI\Release\link.command.1.tlog
F:\project\Transparent_encryption\SafeWall\ManagerUI\Release\link.read.1.tlog
F:\project\Transparent_encryption\SafeWall\ManagerUI\Release\link.write.1.tlog
F:\project\Transparent_encryption\SafeWall\ManagerUI\Release\rc.command.1.tlog
F:\project\Transparent_encryption\SafeWall\ManagerUI\Release\rc.read.1.tlog
F:\project\Transparent_encryption\SafeWall\ManagerUI\Release\rc.write.1.tlog
F:\project\Transparent_encryption\SafeWall\ManagerUI\Release\ManagerUI.res
F:\project\Transparent_encryption\SafeWall\ManagerUI\Release\vc110.pdb
